<?xml version="1.0" encoding="UTF-8"?>
<testsuite xmlns:xsi="http://www.w3.org/2001/XMLSchema-instance" xsi:noNamespaceSchemaLocation="https://maven.apache.org/surefire/maven-surefire-plugin/xsd/surefire-test-report-3.0.xsd" version="3.0" name="runner.RunTests" time="138.997" tests="2" errors="0" skipped="0" failures="0">
  <properties>
[...]
</properties>
  <testcase name="This scenario is just to click Edit Button" classname="Simple test" time="41.71">
    <system-out><![CDATA[
@sampleTest @sampleTest1
Scenario: This scenario is just to click Edit Button &amp#27;[90m# src/test/resources/ui/Input.feature:5&amp#27;[0m
Edit Steps > iGoToLetCodeWebsite()...
  &amp#27;[32mGiven &amp#27;[0m&amp#27;[32muser goes to letCode website&amp#27;[0m                 &amp#27;[90m# steps.HomeSteps.userGoesToLetCodeWebsite()&amp#27;[0m
Edit Steps > I iClickInputButton()....
  &amp#27;[32mAnd &amp#27;[0m&amp#27;[32muser clicks input button&amp#27;[0m                       &amp#27;[90m# steps.HomeSteps.userClicksInputButton()&amp#27;[0m
]]></system-out>
    <system-err><![CDATA[SLF4J: Failed to load class "org.slf4j.impl.StaticLoggerBinder".
SLF4J: Defaulting to no-operation (NOP) logger implementation
SLF4J: See http://www.slf4j.org/codes.html#StaticLoggerBinder for further details.
Starting ChromeDriver 100.0.4896.60 (6a5d10861ce8de5fce22564658033b43cb7de047-refs/branch-heads/4896@{#875}) on port 20948
Only local connections are allowed.
Please see https://chromedriver.chromium.org/security-considerations for suggestions on keeping ChromeDriver safe.
ChromeDriver was started successfully.
[1652000916.443][WARNING]: This version of ChromeDriver has not been tested with Chrome version 101.
May 08, 2022 5:08:36 PM org.openqa.selenium.remote.ProtocolHandshake createSession
INFO: Detected dialect: W3C
May 08, 2022 5:08:36 PM org.openqa.selenium.devtools.CdpVersionFinder findNearestMatch
WARNING: Unable to find an exact match for CDP version 101, so returning the closest version found: a no-op implementation
May 08, 2022 5:08:36 PM org.openqa.selenium.devtools.CdpVersionFinder findNearestMatch
INFO: Unable to find CDP implementation matching 101.
May 08, 2022 5:08:36 PM org.openqa.selenium.chromium.ChromiumDriver lambda$new$2
WARNING: Unable to find version of CDP to use for . You may need to include a dependency on a specific version of the CDP using something similar to `org.seleniumhq.selenium:selenium-devtools-v86:4.0.0-beta-4` where the version ("v86") matches the version of the chromium-based browser you're using and the version number of the artifact is the same as Selenium's.
]]></system-err>
  </testcase>
  <testcase name="This scenario is just to enter full name in Edit Page" classname="Simple test" time="97.071">
    <system-out><![CDATA[
@sampleTest @sampleTest2
Scenario: This scenario is just to enter full name in Edit Page &amp#27;[90m# src/test/resources/ui/Input.feature:10&amp#27;[0m
Edit Steps > userGoesToLetCodeEditPage()...
  &amp#27;[32mGiven &amp#27;[0m&amp#27;[32muser goes to letCode edit page&amp#27;[0m                          &amp#27;[90m# steps.EditSteps.userGoesToLetCodeEditPage()&amp#27;[0m
  &amp#27;[32mAnd &amp#27;[0m&amp#27;[32muser enters full name "&amp#27;[0m&amp#27;[32m&amp#27;[1mDenise Carmona&amp#27;[0m&amp#27;[32m"&amp#27;[0m                    &amp#27;[90m# steps.EditSteps.userEntersFullName(java.lang.String)&amp#27;[0m
  &amp#27;[32mAnd &amp#27;[0m&amp#27;[32muser enters "&amp#27;[0m&amp#27;[32m&amp#27;[1mhow are you?&amp#27;[0m&amp#27;[32m" on append a text&amp#27;[0m               &amp#27;[90m# steps.EditSteps.userEntersOnAppendAText(java.lang.String)&amp#27;[0m
]]></system-out>
    <system-err><![CDATA[Starting ChromeDriver 100.0.4896.60 (6a5d10861ce8de5fce22564658033b43cb7de047-refs/branch-heads/4896@{#875}) on port 43919
Only local connections are allowed.
Please see https://chromedriver.chromium.org/security-considerations for suggestions on keeping ChromeDriver safe.
ChromeDriver was started successfully.
[1652000956.045][WARNING]: This version of ChromeDriver has not been tested with Chrome version 101.
May 08, 2022 5:09:16 PM org.openqa.selenium.remote.ProtocolHandshake createSession
INFO: Detected dialect: W3C
May 08, 2022 5:09:16 PM org.openqa.selenium.devtools.CdpVersionFinder findNearestMatch
WARNING: Unable to find an exact match for CDP version 101, so returning the closest version found: a no-op implementation
May 08, 2022 5:09:16 PM org.openqa.selenium.devtools.CdpVersionFinder findNearestMatch
INFO: Unable to find CDP implementation matching 101.
May 08, 2022 5:09:16 PM org.openqa.selenium.chromium.ChromiumDriver lambda$new$2
WARNING: Unable to find version of CDP to use for . You may need to include a dependency on a specific version of the CDP using something similar to `org.seleniumhq.selenium:selenium-devtools-v86:4.0.0-beta-4` where the version ("v86") matches the version of the chromium-based browser you're using and the version number of the artifact is the same as Selenium's.
]]></system-err>
  </testcase>
</testsuite>